01/25/19 10:16:23 AM [current_date]: 2019-01-25 10:16:23
01/25/19 10:16:38 AM [current_date]: 2019-01-25 10:16:38
01/25/19 10:17:15 AM [current_date]: 2019-01-25 10:17:15
01/25/19 10:17:15 AM [convert_timeToelasticsearch]: 2019-01-25T10:17:15Z
01/25/19 10:17:23 AM [current_date]: 2019-01-25 10:17:23
01/25/19 10:17:23 AM [convert_timeToelasticsearch]: 2019-01-25T10:17:23Z
01/25/19 10:17:36 AM [current_date]: 2019-01-25 10:17:36
01/25/19 10:17:36 AM [convert_timeToelasticsearch]: 2019-01-25T10:17:36Z
01/25/19 10:17:36 AM [makejsonformat]: {
	"time_slot": "2019-01-25T10:17:36Z",
	"name": "Dansungsa",
	"location": "37.570927,126.990279",
	"temp": 28,
	"humi": 48
}
01/25/19 10:17:46 AM [current_date]: 2019-01-25 10:17:46
01/25/19 10:17:46 AM [convert_timeToelasticsearch]: 2019-01-25T10:17:46Z
01/25/19 10:17:46 AM [makejsonformat]: {
	"time_slot": "2019-01-25T10:17:46Z",
	"name": "Dansungsa",
	"location": "37.570927,126.990279",
	"temp": 37,
	"humi": 48
}
01/25/19 10:18:28 AM [current_date]: 2019-01-25 10:18:28
01/25/19 10:18:28 AM [convert_timeToelasticsearch]: 2019-01-25T10:18:28Z
01/25/19 10:18:28 AM [makejsonformat]: {
	"time_slot": "2019-01-25T10:18:28Z",
	"name": "Dansungsa",
	"location": "37.570927,126.990279",
	"temp": 24,
	"humi": 44
}
01/25/19 10:18:38 AM [current_date]: 2019-01-25 10:18:38
01/25/19 10:18:38 AM [convert_timeToelasticsearch]: 2019-01-25T10:18:38Z
01/25/19 10:18:38 AM [makejsonformat]: {
	"time_slot": "2019-01-25T10:18:38Z",
	"name": "Dansungsa",
	"location": "37.570927,126.990279",
	"temp": 38,
	"humi": 82
}
01/25/19 10:18:48 AM [current_date]: 2019-01-25 10:18:48
01/25/19 10:18:48 AM [convert_timeToelasticsearch]: 2019-01-25T10:18:48Z
01/25/19 10:18:48 AM [makejsonformat]: {
	"time_slot": "2019-01-25T10:18:48Z",
	"name": "Dansungsa",
	"location": "37.570927,126.990279",
	"temp": 27,
	"humi": 54
}
01/25/19 10:18:58 AM [current_date]: 2019-01-25 10:18:58
01/25/19 10:18:58 AM [convert_timeToelasticsearch]: 2019-01-25T10:18:58Z
01/25/19 10:18:58 AM [makejsonformat]: {
	"time_slot": "2019-01-25T10:18:58Z",
	"name": "Dansungsa",
	"location": "37.570927,126.990279",
	"temp": 21,
	"humi": 64
}
01/25/19 10:19:08 AM [current_date]: 2019-01-25 10:19:08
01/25/19 10:19:08 AM [convert_timeToelasticsearch]: 2019-01-25T10:19:08Z
01/25/19 10:19:08 AM [makejsonformat]: {
	"time_slot": "2019-01-25T10:19:08Z",
	"name": "Dansungsa",
	"location": "37.570927,126.990279",
	"temp": 33,
	"humi": 43
}
01/25/19 10:19:18 AM [current_date]: 2019-01-25 10:19:18
01/25/19 10:19:18 AM [convert_timeToelasticsearch]: 2019-01-25T10:19:18Z
01/25/19 10:19:18 AM [makejsonformat]: {
	"time_slot": "2019-01-25T10:19:18Z",
	"name": "Dansungsa",
	"location": "37.570927,126.990279",
	"temp": 31,
	"humi": 73
}
01/25/19 10:19:28 AM [current_date]: 2019-01-25 10:19:28
01/25/19 10:19:28 AM [convert_timeToelasticsearch]: 2019-01-25T10:19:28Z
01/25/19 10:19:28 AM [makejsonformat]: {
	"time_slot": "2019-01-25T10:19:28Z",
	"name": "Dansungsa",
	"location": "37.570927,126.990279",
	"temp": 37,
	"humi": 67
}
01/25/19 10:19:38 AM [current_date]: 2019-01-25 10:19:38
01/25/19 10:19:38 AM [convert_timeToelasticsearch]: 2019-01-25T10:19:38Z
01/25/19 10:19:38 AM [makejsonformat]: {
	"time_slot": "2019-01-25T10:19:38Z",
	"name": "Dansungsa",
	"location": "37.570927,126.990279",
	"temp": 23,
	"humi": 70
}
01/25/19 10:19:48 AM [current_date]: 2019-01-25 10:19:48
01/25/19 10:19:48 AM [convert_timeToelasticsearch]: 2019-01-25T10:19:48Z
01/25/19 10:19:48 AM [makejsonformat]: {
	"time_slot": "2019-01-25T10:19:48Z",
	"name": "Dansungsa",
	"location": "37.570927,126.990279",
	"temp": 23,
	"humi": 48
}
01/25/19 10:19:58 AM [current_date]: 2019-01-25 10:19:58
01/25/19 10:19:58 AM [convert_timeToelasticsearch]: 2019-01-25T10:19:58Z
01/25/19 10:19:58 AM [makejsonformat]: {
	"time_slot": "2019-01-25T10:19:58Z",
	"name": "Dansungsa",
	"location": "37.570927,126.990279",
	"temp": 21,
	"humi": 52
}
01/25/19 10:20:08 AM [current_date]: 2019-01-25 10:20:08
01/25/19 10:20:08 AM [convert_timeToelasticsearch]: 2019-01-25T10:20:08Z
01/25/19 10:20:08 AM [makejsonformat]: {
	"time_slot": "2019-01-25T10:20:08Z",
	"name": "Dansungsa",
	"location": "37.570927,126.990279",
	"temp": 34,
	"humi": 57
}
01/25/19 10:20:18 AM [current_date]: 2019-01-25 10:20:18
01/25/19 10:20:18 AM [convert_timeToelasticsearch]: 2019-01-25T10:20:18Z
01/25/19 10:20:18 AM [makejsonformat]: {
	"time_slot": "2019-01-25T10:20:18Z",
	"name": "Dansungsa",
	"location": "37.570927,126.990279",
	"temp": 30,
	"humi": 54
}
01/25/19 10:20:28 AM [current_date]: 2019-01-25 10:20:28
01/25/19 10:20:28 AM [convert_timeToelasticsearch]: 2019-01-25T10:20:28Z
01/25/19 10:20:28 AM [makejsonformat]: {
	"time_slot": "2019-01-25T10:20:28Z",
	"name": "Dansungsa",
	"location": "37.570927,126.990279",
	"temp": 23,
	"humi": 78
}
01/25/19 10:20:38 AM [current_date]: 2019-01-25 10:20:38
01/25/19 10:20:38 AM [convert_timeToelasticsearch]: 2019-01-25T10:20:38Z
01/25/19 10:20:38 AM [makejsonformat]: {
	"time_slot": "2019-01-25T10:20:38Z",
	"name": "Dansungsa",
	"location": "37.570927,126.990279",
	"temp": 32,
	"humi": 57
}
01/25/19 10:20:48 AM [current_date]: 2019-01-25 10:20:48
01/25/19 10:20:48 AM [convert_timeToelasticsearch]: 2019-01-25T10:20:48Z
01/25/19 10:20:48 AM [makejsonformat]: {
	"time_slot": "2019-01-25T10:20:48Z",
	"name": "Dansungsa",
	"location": "37.570927,126.990279",
	"temp": 20,
	"humi": 50
}
01/25/19 10:20:58 AM [current_date]: 2019-01-25 10:20:58
01/25/19 10:20:58 AM [convert_timeToelasticsearch]: 2019-01-25T10:20:58Z
01/25/19 10:20:58 AM [makejsonformat]: {
	"time_slot": "2019-01-25T10:20:58Z",
	"name": "Dansungsa",
	"location": "37.570927,126.990279",
	"temp": 25,
	"humi": 56
}
01/25/19 10:21:08 AM [current_date]: 2019-01-25 10:21:08
01/25/19 10:21:08 AM [convert_timeToelasticsearch]: 2019-01-25T10:21:08Z
01/25/19 10:21:08 AM [makejsonformat]: {
	"time_slot": "2019-01-25T10:21:08Z",
	"name": "Dansungsa",
	"location": "37.570927,126.990279",
	"temp": 33,
	"humi": 82
}
01/25/19 10:21:18 AM [current_date]: 2019-01-25 10:21:18
01/25/19 10:21:18 AM [convert_timeToelasticsearch]: 2019-01-25T10:21:18Z
01/25/19 10:21:18 AM [makejsonformat]: {
	"time_slot": "2019-01-25T10:21:18Z",
	"name": "Dansungsa",
	"location": "37.570927,126.990279",
	"temp": 33,
	"humi": 41
}
01/25/19 10:21:28 AM [current_date]: 2019-01-25 10:21:28
01/25/19 10:21:28 AM [convert_timeToelasticsearch]: 2019-01-25T10:21:28Z
01/25/19 10:21:28 AM [makejsonformat]: {
	"time_slot": "2019-01-25T10:21:28Z",
	"name": "Dansungsa",
	"location": "37.570927,126.990279",
	"temp": 36,
	"humi": 45
}
01/25/19 10:21:38 AM [current_date]: 2019-01-25 10:21:38
01/25/19 10:21:38 AM [convert_timeToelasticsearch]: 2019-01-25T10:21:38Z
01/25/19 10:21:38 AM [makejsonformat]: {
	"time_slot": "2019-01-25T10:21:38Z",
	"name": "Dansungsa",
	"location": "37.570927,126.990279",
	"temp": 37,
	"humi": 42
}
01/25/19 10:21:48 AM [current_date]: 2019-01-25 10:21:48
01/25/19 10:21:48 AM [convert_timeToelasticsearch]: 2019-01-25T10:21:48Z
01/25/19 10:21:48 AM [makejsonformat]: {
	"time_slot": "2019-01-25T10:21:48Z",
	"name": "Dansungsa",
	"location": "37.570927,126.990279",
	"temp": 24,
	"humi": 69
}
01/25/19 10:21:58 AM [current_date]: 2019-01-25 10:21:58
01/25/19 10:21:58 AM [convert_timeToelasticsearch]: 2019-01-25T10:21:58Z
01/25/19 10:21:58 AM [makejsonformat]: {
	"time_slot": "2019-01-25T10:21:58Z",
	"name": "Dansungsa",
	"location": "37.570927,126.990279",
	"temp": 26,
	"humi": 82
}
01/25/19 10:22:08 AM [current_date]: 2019-01-25 10:22:08
01/25/19 10:22:08 AM [convert_timeToelasticsearch]: 2019-01-25T10:22:08Z
01/25/19 10:22:08 AM [makejsonformat]: {
	"time_slot": "2019-01-25T10:22:08Z",
	"name": "Dansungsa",
	"location": "37.570927,126.990279",
	"temp": 24,
	"humi": 84
}
01/25/19 10:22:18 AM [current_date]: 2019-01-25 10:22:18
01/25/19 10:22:18 AM [convert_timeToelasticsearch]: 2019-01-25T10:22:18Z
01/25/19 10:22:18 AM [makejsonformat]: {
	"time_slot": "2019-01-25T10:22:18Z",
	"name": "Dansungsa",
	"location": "37.570927,126.990279",
	"temp": 30,
	"humi": 69
}
01/25/19 10:22:28 AM [current_date]: 2019-01-25 10:22:28
01/25/19 10:22:28 AM [convert_timeToelasticsearch]: 2019-01-25T10:22:28Z
01/25/19 10:22:28 AM [makejsonformat]: {
	"time_slot": "2019-01-25T10:22:28Z",
	"name": "Dansungsa",
	"location": "37.570927,126.990279",
	"temp": 38,
	"humi": 82
}
01/25/19 10:22:38 AM [current_date]: 2019-01-25 10:22:38
01/25/19 10:22:38 AM [convert_timeToelasticsearch]: 2019-01-25T10:22:38Z
01/25/19 10:22:38 AM [makejsonformat]: {
	"time_slot": "2019-01-25T10:22:38Z",
	"name": "Dansungsa",
	"location": "37.570927,126.990279",
	"temp": 31,
	"humi": 52
}
01/25/19 10:22:48 AM [current_date]: 2019-01-25 10:22:48
01/25/19 10:22:48 AM [convert_timeToelasticsearch]: 2019-01-25T10:22:48Z
01/25/19 10:22:48 AM [makejsonformat]: {
	"time_slot": "2019-01-25T10:22:48Z",
	"name": "Dansungsa",
	"location": "37.570927,126.990279",
	"temp": 31,
	"humi": 58
}
01/25/19 10:22:58 AM [current_date]: 2019-01-25 10:22:58
01/25/19 10:22:58 AM [convert_timeToelasticsearch]: 2019-01-25T10:22:58Z
01/25/19 10:22:58 AM [makejsonformat]: {
	"time_slot": "2019-01-25T10:22:58Z",
	"name": "Dansungsa",
	"location": "37.570927,126.990279",
	"temp": 35,
	"humi": 40
}
01/25/19 10:23:30 AM [current_date]: 2019-01-25 10:23:30
01/25/19 10:23:30 AM [convert_timeToelasticsearch]: 2019-01-25T10:23:30Z
01/25/19 10:23:30 AM [makejsonformat]: {
	"time_slot": "2019-01-25T10:23:30Z",
	"name": "Dansungsa",
	"location": "37.570927,126.990279",
	"temp": 22,
	"humi": 66
}
01/25/19 10:24:18 AM [current_date]: 2019-01-25 10:24:18
01/25/19 10:24:18 AM [convert_timeToelasticsearch]: 2019-01-25T10:24:18Z
01/25/19 10:24:18 AM [makejsonformat]: {
	"time_slot": "2019-01-25T10:24:18Z",
	"name": "Dansungsa",
	"location": "37.570927,126.990279",
	"temp": 28,
	"humi": 63
}
01/25/19 10:24:18 AM Starting new HTTP connection (1): search-roomcondition-wmednft2d2wtrun3vrh4tifv5m.us-west-2.es.amazonaws.com
01/25/19 10:24:19 AM http://search-roomcondition-wmednft2d2wtrun3vrh4tifv5m.us-west-2.es.amazonaws.com:80 "PUT /roomcondition/_doc/100 HTTP/1.1" 201 163
01/25/19 10:24:19 AM PUT http://search-roomcondition-wmednft2d2wtrun3vrh4tifv5m.us-west-2.es.amazonaws.com:80/roomcondition/_doc/100 [status:201 request:0.362s]
01/25/19 10:24:19 AM > {
	"time_slot": "2019-01-25T10:24:18Z",
	"name": "Dansungsa",
	"location": "37.570927,126.990279",
	"temp": 28,
	"humi": 63
}
01/25/19 10:24:19 AM < {"_index":"roomcondition","_type":"_doc","_id":"100","_version":1,"result":"created","_shards":{"total":2,"successful":1,"failed":0},"_seq_no":5,"_primary_term":1}
01/25/19 10:24:19 AM [insert_elasticsearch]: complete insert
01/25/19 10:24:19 AM [main-index_id]: 101
01/25/19 10:24:49 AM [current_date]: 2019-01-25 10:24:49
01/25/19 10:24:49 AM [convert_timeToelasticsearch]: 2019-01-25T10:24:49Z
01/25/19 10:24:49 AM [makejsonformat]: {
	"time_slot": "2019-01-25T10:24:49Z",
	"name": "Dansungsa",
	"location": "37.570927,126.990279",
	"temp": 39,
	"humi": 81
}
01/25/19 10:24:49 AM Starting new HTTP connection (1): search-roomcondition-wmednft2d2wtrun3vrh4tifv5m.us-west-2.es.amazonaws.com
01/25/19 10:24:49 AM http://search-roomcondition-wmednft2d2wtrun3vrh4tifv5m.us-west-2.es.amazonaws.com:80 "PUT /roomcondition/_doc/101 HTTP/1.1" 201 163
01/25/19 10:24:49 AM PUT http://search-roomcondition-wmednft2d2wtrun3vrh4tifv5m.us-west-2.es.amazonaws.com:80/roomcondition/_doc/101 [status:201 request:0.345s]
01/25/19 10:24:49 AM > {
	"time_slot": "2019-01-25T10:24:49Z",
	"name": "Dansungsa",
	"location": "37.570927,126.990279",
	"temp": 39,
	"humi": 81
}
01/25/19 10:24:49 AM < {"_index":"roomcondition","_type":"_doc","_id":"101","_version":1,"result":"created","_shards":{"total":2,"successful":1,"failed":0},"_seq_no":6,"_primary_term":1}
01/25/19 10:24:49 AM [insert_elasticsearch]: complete insert
01/25/19 10:24:49 AM [main-index_id]: 102
01/25/19 10:32:22 AM [current_date]: 2019-01-25 01:32:22
01/25/19 10:32:22 AM [convert_timeToelasticsearch]: 2019-01-25T01:32:22Z
01/25/19 10:32:22 AM [makejsonformat]: {
	"time_slot": "2019-01-25T01:32:22Z",
	"name": "Dansungsa",
	"location": "37.570927,126.990279",
	"temp": 31,
	"humi": 49
}
01/25/19 10:32:22 AM Starting new HTTP connection (1): search-roomcondition-wmednft2d2wtrun3vrh4tifv5m.us-west-2.es.amazonaws.com
01/25/19 10:32:22 AM http://search-roomcondition-wmednft2d2wtrun3vrh4tifv5m.us-west-2.es.amazonaws.com:80 "PUT /roomcondition/_doc/100 HTTP/1.1" 200 163
01/25/19 10:32:22 AM PUT http://search-roomcondition-wmednft2d2wtrun3vrh4tifv5m.us-west-2.es.amazonaws.com:80/roomcondition/_doc/100 [status:200 request:0.333s]
01/25/19 10:32:22 AM > {
	"time_slot": "2019-01-25T01:32:22Z",
	"name": "Dansungsa",
	"location": "37.570927,126.990279",
	"temp": 31,
	"humi": 49
}
01/25/19 10:32:22 AM < {"_index":"roomcondition","_type":"_doc","_id":"100","_version":2,"result":"updated","_shards":{"total":2,"successful":1,"failed":0},"_seq_no":7,"_primary_term":1}
01/25/19 10:32:22 AM [insert_elasticsearch]: complete insert
01/25/19 10:32:22 AM [main-index_id]: 101
01/25/19 10:32:52 AM [current_date]: 2019-01-25 01:32:52
01/25/19 10:32:52 AM [convert_timeToelasticsearch]: 2019-01-25T01:32:52Z
01/25/19 10:32:52 AM [makejsonformat]: {
	"time_slot": "2019-01-25T01:32:52Z",
	"name": "Dansungsa",
	"location": "37.570927,126.990279",
	"temp": 30,
	"humi": 86
}
01/25/19 10:32:52 AM Starting new HTTP connection (1): search-roomcondition-wmednft2d2wtrun3vrh4tifv5m.us-west-2.es.amazonaws.com
01/25/19 10:32:52 AM http://search-roomcondition-wmednft2d2wtrun3vrh4tifv5m.us-west-2.es.amazonaws.com:80 "PUT /roomcondition/_doc/101 HTTP/1.1" 200 163
01/25/19 10:32:52 AM PUT http://search-roomcondition-wmednft2d2wtrun3vrh4tifv5m.us-west-2.es.amazonaws.com:80/roomcondition/_doc/101 [status:200 request:0.354s]
01/25/19 10:32:52 AM > {
	"time_slot": "2019-01-25T01:32:52Z",
	"name": "Dansungsa",
	"location": "37.570927,126.990279",
	"temp": 30,
	"humi": 86
}
01/25/19 10:32:52 AM < {"_index":"roomcondition","_type":"_doc","_id":"101","_version":2,"result":"updated","_shards":{"total":2,"successful":1,"failed":0},"_seq_no":8,"_primary_term":1}
01/25/19 10:32:52 AM [insert_elasticsearch]: complete insert
01/25/19 10:32:52 AM [main-index_id]: 102
01/25/19 10:33:22 AM [current_date]: 2019-01-25 01:33:22
01/25/19 10:33:22 AM [convert_timeToelasticsearch]: 2019-01-25T01:33:22Z
01/25/19 10:33:22 AM [makejsonformat]: {
	"time_slot": "2019-01-25T01:33:22Z",
	"name": "Dansungsa",
	"location": "37.570927,126.990279",
	"temp": 30,
	"humi": 41
}
01/25/19 10:33:22 AM Starting new HTTP connection (1): search-roomcondition-wmednft2d2wtrun3vrh4tifv5m.us-west-2.es.amazonaws.com
01/25/19 10:33:23 AM http://search-roomcondition-wmednft2d2wtrun3vrh4tifv5m.us-west-2.es.amazonaws.com:80 "PUT /roomcondition/_doc/102 HTTP/1.1" 201 163
01/25/19 10:33:23 AM PUT http://search-roomcondition-wmednft2d2wtrun3vrh4tifv5m.us-west-2.es.amazonaws.com:80/roomcondition/_doc/102 [status:201 request:0.346s]
01/25/19 10:33:23 AM > {
	"time_slot": "2019-01-25T01:33:22Z",
	"name": "Dansungsa",
	"location": "37.570927,126.990279",
	"temp": 30,
	"humi": 41
}
01/25/19 10:33:23 AM < {"_index":"roomcondition","_type":"_doc","_id":"102","_version":1,"result":"created","_shards":{"total":2,"successful":1,"failed":0},"_seq_no":2,"_primary_term":1}
01/25/19 10:33:23 AM [insert_elasticsearch]: complete insert
01/25/19 10:33:23 AM [main-index_id]: 103
01/25/19 10:33:53 AM [current_date]: 2019-01-25 01:33:53
01/25/19 10:33:53 AM [convert_timeToelasticsearch]: 2019-01-25T01:33:53Z
01/25/19 10:33:53 AM [makejsonformat]: {
	"time_slot": "2019-01-25T01:33:53Z",
	"name": "Dansungsa",
	"location": "37.570927,126.990279",
	"temp": 26,
	"humi": 54
}
01/25/19 10:33:53 AM Starting new HTTP connection (1): search-roomcondition-wmednft2d2wtrun3vrh4tifv5m.us-west-2.es.amazonaws.com
01/25/19 10:33:53 AM http://search-roomcondition-wmednft2d2wtrun3vrh4tifv5m.us-west-2.es.amazonaws.com:80 "PUT /roomcondition/_doc/103 HTTP/1.1" 201 163
01/25/19 10:33:53 AM PUT http://search-roomcondition-wmednft2d2wtrun3vrh4tifv5m.us-west-2.es.amazonaws.com:80/roomcondition/_doc/103 [status:201 request:0.336s]
01/25/19 10:33:53 AM > {
	"time_slot": "2019-01-25T01:33:53Z",
	"name": "Dansungsa",
	"location": "37.570927,126.990279",
	"temp": 26,
	"humi": 54
}
01/25/19 10:33:53 AM < {"_index":"roomcondition","_type":"_doc","_id":"103","_version":1,"result":"created","_shards":{"total":2,"successful":1,"failed":0},"_seq_no":9,"_primary_term":1}
01/25/19 10:33:53 AM [insert_elasticsearch]: complete insert
01/25/19 10:33:53 AM [main-index_id]: 104
01/25/19 10:34:23 AM [current_date]: 2019-01-25 01:34:23
01/25/19 10:34:23 AM [convert_timeToelasticsearch]: 2019-01-25T01:34:23Z
01/25/19 10:34:23 AM [makejsonformat]: {
	"time_slot": "2019-01-25T01:34:23Z",
	"name": "Dansungsa",
	"location": "37.570927,126.990279",
	"temp": 21,
	"humi": 81
}
01/25/19 10:34:23 AM Starting new HTTP connection (1): search-roomcondition-wmednft2d2wtrun3vrh4tifv5m.us-west-2.es.amazonaws.com
01/25/19 10:34:24 AM http://search-roomcondition-wmednft2d2wtrun3vrh4tifv5m.us-west-2.es.amazonaws.com:80 "PUT /roomcondition/_doc/104 HTTP/1.1" 201 164
01/25/19 10:34:24 AM PUT http://search-roomcondition-wmednft2d2wtrun3vrh4tifv5m.us-west-2.es.amazonaws.com:80/roomcondition/_doc/104 [status:201 request:0.370s]
01/25/19 10:34:24 AM > {
	"time_slot": "2019-01-25T01:34:23Z",
	"name": "Dansungsa",
	"location": "37.570927,126.990279",
	"temp": 21,
	"humi": 81
}
01/25/19 10:34:24 AM < {"_index":"roomcondition","_type":"_doc","_id":"104","_version":1,"result":"created","_shards":{"total":2,"successful":1,"failed":0},"_seq_no":10,"_primary_term":1}
01/25/19 10:34:24 AM [insert_elasticsearch]: complete insert
01/25/19 10:34:24 AM [main-index_id]: 105
01/25/19 10:34:54 AM [current_date]: 2019-01-25 01:34:54
01/25/19 10:34:54 AM [convert_timeToelasticsearch]: 2019-01-25T01:34:54Z
01/25/19 10:34:54 AM [makejsonformat]: {
	"time_slot": "2019-01-25T01:34:54Z",
	"name": "Dansungsa",
	"location": "37.570927,126.990279",
	"temp": 28,
	"humi": 56
}
01/25/19 10:34:54 AM Starting new HTTP connection (1): search-roomcondition-wmednft2d2wtrun3vrh4tifv5m.us-west-2.es.amazonaws.com
01/25/19 10:34:54 AM http://search-roomcondition-wmednft2d2wtrun3vrh4tifv5m.us-west-2.es.amazonaws.com:80 "PUT /roomcondition/_doc/105 HTTP/1.1" 201 163
01/25/19 10:34:54 AM PUT http://search-roomcondition-wmednft2d2wtrun3vrh4tifv5m.us-west-2.es.amazonaws.com:80/roomcondition/_doc/105 [status:201 request:0.337s]
01/25/19 10:34:54 AM > {
	"time_slot": "2019-01-25T01:34:54Z",
	"name": "Dansungsa",
	"location": "37.570927,126.990279",
	"temp": 28,
	"humi": 56
}
01/25/19 10:34:54 AM < {"_index":"roomcondition","_type":"_doc","_id":"105","_version":1,"result":"created","_shards":{"total":2,"successful":1,"failed":0},"_seq_no":0,"_primary_term":1}
01/25/19 10:34:54 AM [insert_elasticsearch]: complete insert
01/25/19 10:34:54 AM [main-index_id]: 106
01/25/19 10:35:24 AM [current_date]: 2019-01-25 01:35:24
01/25/19 10:35:24 AM [convert_timeToelasticsearch]: 2019-01-25T01:35:24Z
01/25/19 10:35:24 AM [makejsonformat]: {
	"time_slot": "2019-01-25T01:35:24Z",
	"name": "Dansungsa",
	"location": "37.570927,126.990279",
	"temp": 20,
	"humi": 75
}
01/25/19 10:35:24 AM Starting new HTTP connection (1): search-roomcondition-wmednft2d2wtrun3vrh4tifv5m.us-west-2.es.amazonaws.com
01/25/19 10:35:24 AM http://search-roomcondition-wmednft2d2wtrun3vrh4tifv5m.us-west-2.es.amazonaws.com:80 "PUT /roomcondition/_doc/106 HTTP/1.1" 201 163
01/25/19 10:35:24 AM PUT http://search-roomcondition-wmednft2d2wtrun3vrh4tifv5m.us-west-2.es.amazonaws.com:80/roomcondition/_doc/106 [status:201 request:0.535s]
01/25/19 10:35:24 AM > {
	"time_slot": "2019-01-25T01:35:24Z",
	"name": "Dansungsa",
	"location": "37.570927,126.990279",
	"temp": 20,
	"humi": 75
}
01/25/19 10:35:24 AM < {"_index":"roomcondition","_type":"_doc","_id":"106","_version":1,"result":"created","_shards":{"total":2,"successful":1,"failed":0},"_seq_no":4,"_primary_term":1}
01/25/19 10:35:24 AM [insert_elasticsearch]: complete insert
01/25/19 10:35:24 AM [main-index_id]: 107
01/25/19 10:35:54 AM [current_date]: 2019-01-25 01:35:54
01/25/19 10:35:54 AM [convert_timeToelasticsearch]: 2019-01-25T01:35:54Z
01/25/19 10:35:54 AM [makejsonformat]: {
	"time_slot": "2019-01-25T01:35:54Z",
	"name": "Dansungsa",
	"location": "37.570927,126.990279",
	"temp": 36,
	"humi": 53
}
01/25/19 10:35:54 AM Starting new HTTP connection (1): search-roomcondition-wmednft2d2wtrun3vrh4tifv5m.us-west-2.es.amazonaws.com
01/25/19 10:35:55 AM http://search-roomcondition-wmednft2d2wtrun3vrh4tifv5m.us-west-2.es.amazonaws.com:80 "PUT /roomcondition/_doc/107 HTTP/1.1" 201 163
01/25/19 10:35:55 AM PUT http://search-roomcondition-wmednft2d2wtrun3vrh4tifv5m.us-west-2.es.amazonaws.com:80/roomcondition/_doc/107 [status:201 request:0.342s]
01/25/19 10:35:55 AM > {
	"time_slot": "2019-01-25T01:35:54Z",
	"name": "Dansungsa",
	"location": "37.570927,126.990279",
	"temp": 36,
	"humi": 53
}
01/25/19 10:35:55 AM < {"_index":"roomcondition","_type":"_doc","_id":"107","_version":1,"result":"created","_shards":{"total":2,"successful":1,"failed":0},"_seq_no":3,"_primary_term":1}
01/25/19 10:35:55 AM [insert_elasticsearch]: complete insert
01/25/19 10:35:55 AM [main-index_id]: 108
